2026-06-23 04:54:43,379 [INFO] -----------------------Starting build-----------------------
2026-06-23 04:54:43,384 [INFO] Running configSets: _OnInstanceBoot
2026-06-23 04:54:43,385 [INFO] Running configSet _OnInstanceBoot
2026-06-23 04:54:43,387 [INFO] Running config AWSEBBaseConfig
2026-06-23 04:54:43,680 [INFO] Command clearbackupfiles succeeded
2026-06-23 04:54:43,684 [INFO] Running config AWSEBCfnHupEndpointOverride
2026-06-23 04:54:43,689 [INFO] Command clearbackupfiles succeeded
2026-06-23 04:54:43,690 [INFO] ConfigSets completed
2026-06-23 04:54:43,690 [INFO] -----------------------Build complete-----------------------
2026-06-23 04:55:19,445 [INFO] -----------------------Starting build-----------------------
2026-06-23 04:55:19,450 [INFO] Running configSets: Infra-EmbeddedPreBuild
2026-06-23 04:55:19,452 [INFO] Running configSet Infra-EmbeddedPreBuild
2026-06-23 04:55:19,457 [INFO] Running config prebuild_0_nodejs_app
2026-06-23 04:55:19,459 [INFO] Running config prebuild_1_nodejs_app
2026-06-23 04:55:19,460 [INFO] ConfigSets completed
2026-06-23 04:55:19,460 [INFO] -----------------------Build complete-----------------------
2026-06-23 04:55:24,665 [INFO] -----------------------Starting build-----------------------
2026-06-23 04:55:24,672 [INFO] Running configSets: Infra-EmbeddedPostBuild
2026-06-23 04:55:24,676 [INFO] Running configSet Infra-EmbeddedPostBuild
2026-06-23 04:55:24,676 [INFO] ConfigSets completed
2026-06-23 04:55:24,676 [INFO] -----------------------Build complete-----------------------
2026-06-23 06:15:28,576 [INFO] -----------------------Starting build-----------------------
2026-06-23 06:15:28,580 [INFO] Running configSets: Infra-EmbeddedPreBuild
2026-06-23 06:15:28,584 [INFO] Running configSet Infra-EmbeddedPreBuild
2026-06-23 06:15:28,584 [INFO] ConfigSets completed
2026-06-23 06:15:28,584 [INFO] -----------------------Build complete-----------------------
2026-06-23 06:15:35,579 [INFO] -----------------------Starting build-----------------------
2026-06-23 06:15:35,584 [INFO] Running configSets: Infra-EmbeddedPostBuild
2026-06-23 06:15:35,586 [INFO] Running configSet Infra-EmbeddedPostBuild
2026-06-23 06:15:35,587 [INFO] ConfigSets completed
2026-06-23 06:15:35,587 [INFO] -----------------------Build complete-----------------------
