2026-06-23 04:54:43,386 P1695 [INFO] ************************************************************
2026-06-23 04:54:43,386 P1695 [INFO] ConfigSet _OnInstanceBoot
2026-06-23 04:54:43,387 P1695 [INFO] ++++++++++++++++++++++++++++++++++++++++++++++++++++++++++++
2026-06-23 04:54:43,387 P1695 [INFO] Config AWSEBBaseConfig
2026-06-23 04:54:43,668 P1695 [INFO] ============================================================
2026-06-23 04:54:43,668 P1695 [INFO] Command clearbackupfiles
2026-06-23 04:54:43,680 P1695 [INFO] Completed successfully.
2026-06-23 04:54:43,685 P1695 [INFO] ++++++++++++++++++++++++++++++++++++++++++++++++++++++++++++
2026-06-23 04:54:43,685 P1695 [INFO] Config AWSEBCfnHupEndpointOverride
2026-06-23 04:54:43,685 P1695 [INFO] ============================================================
2026-06-23 04:54:43,685 P1695 [INFO] Command clearbackupfiles
2026-06-23 04:54:43,689 P1695 [INFO] Completed successfully.
2026-06-23 04:55:19,452 P1889 [INFO] ************************************************************
2026-06-23 04:55:19,452 P1889 [INFO] ConfigSet Infra-EmbeddedPreBuild
2026-06-23 04:55:19,457 P1889 [INFO] ++++++++++++++++++++++++++++++++++++++++++++++++++++++++++++
2026-06-23 04:55:19,457 P1889 [INFO] Config prebuild_0_nodejs_app
2026-06-23 04:55:19,459 P1889 [INFO] ++++++++++++++++++++++++++++++++++++++++++++++++++++++++++++
2026-06-23 04:55:19,460 P1889 [INFO] Config prebuild_1_nodejs_app
2026-06-23 04:55:24,676 P2090 [INFO] ************************************************************
2026-06-23 04:55:24,676 P2090 [INFO] ConfigSet Infra-EmbeddedPostBuild
2026-06-23 06:15:28,584 P4964 [INFO] ************************************************************
2026-06-23 06:15:28,584 P4964 [INFO] ConfigSet Infra-EmbeddedPreBuild
2026-06-23 06:15:35,587 P5233 [INFO] ************************************************************
2026-06-23 06:15:35,587 P5233 [INFO] ConfigSet Infra-EmbeddedPostBuild
