2026-06-23 04:54:48,427 [DEBUG] CloudFormation client initialized with endpoint https://cloudformation.us-east-1.amazonaws.com
2026-06-23 04:54:48,427 [DEBUG] SQS client initialized with endpoint https://sqs.us-east-1.amazonaws.com
2026-06-23 04:54:48,427 [DEBUG] CloudFormation client initialized with endpoint https://cloudformation.us-east-1.amazonaws.com
2026-06-23 04:54:48,428 [DEBUG] Enabled single threading mode.
2026-06-23 04:54:48,428 [DEBUG] Creating /var/lib/cfn-hup/data
2026-06-23 04:54:48,439 [INFO] No umask value specified in config file. Using the default one: 0o22
2026-06-23 04:54:48,512 [INFO] Pid: 1822
2026-06-23 04:54:48,943 [INFO] Refreshing listener credentials
2026-06-23 04:54:49,033 [INFO] Scheduling next credential refresh in 1799.0 seconds
2026-06-23 04:55:18,213 [INFO] Received command ElasticBeanstalkCommand-AWSEBAutoScalingGroup (invocation id: 16469d60-ed47-4034-87ed-0bd178d8ce15)
2026-06-23 04:55:18,213 [INFO] Running action for aws-eb-command-handler
2026-06-23 04:55:28,184 [INFO] Action for aws-eb-command-handler succeeded, returning SUCCESS
2026-06-23 04:59:48,618 [INFO] command processing is alive.
2026-06-23 05:04:49,042 [INFO] command processing is alive.
2026-06-23 05:09:49,453 [INFO] command processing is alive.
2026-06-23 05:14:49,886 [INFO] command processing is alive.
2026-06-23 05:19:50,319 [INFO] command processing is alive.
2026-06-23 05:24:48,033 [INFO] Refreshing listener credentials
2026-06-23 05:24:48,133 [INFO] Scheduling next credential refresh in 1799.0 seconds
2026-06-23 05:24:50,751 [INFO] command processing is alive.
2026-06-23 05:29:51,199 [INFO] command processing is alive.
2026-06-23 05:34:51,612 [INFO] command processing is alive.
2026-06-23 05:39:52,033 [INFO] command processing is alive.
2026-06-23 05:44:52,448 [INFO] command processing is alive.
2026-06-23 05:49:52,893 [INFO] command processing is alive.
2026-06-23 05:54:47,134 [INFO] Refreshing listener credentials
2026-06-23 05:54:47,221 [INFO] Scheduling next credential refresh in 1799.0 seconds
2026-06-23 05:54:53,290 [INFO] command processing is alive.
2026-06-23 05:59:53,704 [INFO] command processing is alive.
2026-06-23 06:04:54,107 [INFO] command processing is alive.
2026-06-23 06:09:54,539 [INFO] command processing is alive.
2026-06-23 06:14:54,950 [INFO] command processing is alive.
2026-06-23 06:15:27,422 [INFO] Received command ElasticBeanstalkCommand-AWSEBAutoScalingGroup (invocation id: 565d32cd-3898-4822-851f-95dfbc6f6a01)
2026-06-23 06:15:27,422 [INFO] Running action for aws-eb-command-handler
2026-06-23 06:15:40,507 [INFO] Action for aws-eb-command-handler succeeded, returning SUCCESS
2026-06-23 06:20:00,925 [INFO] command processing is alive.
2026-06-23 06:20:16,299 [INFO] Received command ElasticBeanstalkCommand-AWSEBAutoScalingGroup (invocation id: 22e5f8bc-e994-4e5b-9820-64cea1e07447)
2026-06-23 06:20:16,299 [INFO] Running action for aws-eb-command-handler
