[2026-06-23T04:54:42Z] Started EB User Data
+ SLEEP_TIME=2
+ SLEEP_TIME_MAX=3600
+ true
+ curl https://elasticbeanstalk-platform-assets-us-east-1.s3.amazonaws.com/stalks/eb_nodejs24_amazon_linux_2023_1.0.2866.0_20260610155321/lib/UserDataScript.sh
  % Total    % Received % Xferd  Average Speed   Time    Time     Time  Current
                                 Dload  Upload   Total   Spent    Left  Speed
  0     0   0     0   0     0     0     0  --:--:-- --:--:-- --:--:--     0100  4838 100  4838   0     0 102606     0  --:--:-- --:--:-- --:--:-- 105173
+ RESULT=0
+ [[ 0 -ne 0 ]]
+ /bin/bash /tmp/ebbootstrap.sh 'https://cloudformation-waitcondition-us-east-1.s3.amazonaws.com/arn%3Aaws%3Acloudformation%3Aus-east-1%3A339712743075%3Astack/awseb-e-tmf45kfwhc-stack/88f061e0-6ebf-11f1-859e-0e0c1f004235/88f1e880-6ebf-11f1-859e-0e0c1f004235/AWSEBInstanceLaunchWaitHandle?X-Amz-Security-Token=IQoJb3JpZ2luX2VjEE0aCXVzLWVhc3QtMSJHMEUCIQDy5IP2gPjAPSyTk6htJpVk%2FgvPP2BhnnmtqGBEyOBJlQIgdCk0ndQRoW6LOTz18188o7ReKlHkfp2Nlb9Ht7Spn54q6gIIFhAAGgw5ODc4MTA3ODg3NzUiDH3dBJeYL%2BMrKCXOMCrHAt1lseLwtrryDdjkBDBdS6Jb7b8k2tXdHPDw4peahbV7RNxrMp8w7SsgsvHOJTVVjMUInYmsqVhiB9SEi49kCPy%2B722psSKbhV0mgtlc7gYBvtaue1nvS0Vh%2Bc%2FaVcTt%2FNvmX7YuHjnLIoIT3%2BQHyq1vhrJ4PdJjrKdsQqb7Vi0M0MCBnWsh02jhklz48x8UKwJ4TE25eRwxSkZTJLxjzxXBNd528fGI%2FjKnSKPdpvZIb3KvO39WgqV7bNrjlJWvrQYEyxBjv%2BEeX4eAgJ2ip4Ue9%2FqYJjqgXcVBHJLNbvqc2eZRrKeeNy70n1mvD3Ak%2BJcu2np3Tz8EYfyUghZ3pjvygpzxmZZOgGEUs0n%2BkMjwgj50OfObsyGM5%2BLYGQCgSjKw%2FnwksL8TVNVT8dyUbY%2BLRD6H8caiGxtx94au8xnpmrNLSsyNpjDooujRBjq9Aca7yLXQOjswN1fQbOHQyUeKejxEfvSH9qH2IHECpY%2BOGdkwzfWscotH69TSCH0rI12TzMQDpnoHr71Ge%2Bh216fI%2BWd19%2BJilP6rDVEW8rC9nn08dxFPriFyn8bOjpsPHRsK3GbQUHzuSlnSvYVLfHDNdTKaQh%2Fo8JPyfxmwYNwziEh4mvm4yarWR%2B7SCS2P2lYUrjg3dbbQ38%2FylXvyPS7U3%2F2LGyEetcCMCcID188dlcZmvaAlcXG9%2FBFGUQ%3D%3D&X-Amz-Algorithm=AWS4-HMAC-SHA256&X-Amz-Date=20260623T045400Z&X-Amz-SignedHeaders=host&X-Amz-Expires=43199&X-Amz-Credential=ASIA6L7Q4OWT6TQA6KFH%2F20260623%2Fus-east-1%2Fs3%2Faws4_request&X-Amz-Signature=b9762014e75035d4c8361fb4ad2439ea494042d2caa0e89c5db1cce8eb24150b' arn:aws:cloudformation:us-east-1:339712743075:stack/awseb-e-tmf45kfwhc-stack/88f061e0-6ebf-11f1-859e-0e0c1f004235 513233cb-8b18-46b0-bedf-deaa31fb7bca https://elasticbeanstalk-health.us-east-1.amazonaws.com '' https://elasticbeanstalk-platform-assets-us-east-1.s3.amazonaws.com/stalks/eb_nodejs24_amazon_linux_2023_1.0.2866.0_20260610155321 us-east-1
[2026-06-23T04:54:42.967Z] Started EB Bootstrapping Script.
[2026-06-23T04:54:42.998Z] Received parameters:
 TARBALLS = 
 EB_GEMS = 
 SIGNAL_URL = https://cloudformation-waitcondition-us-east-1.s3.amazonaws.com/arn%3Aaws%3Acloudformation%3Aus-east-1%3A339712743075%3Astack/awseb-e-tmf45kfwhc-stack/88f061e0-6ebf-11f1-859e-0e0c1f004235/88f1e880-6ebf-11f1-859e-0e0c1f004235/AWSEBInstanceLaunchWaitHandle?X-Amz-Security-Token=IQoJb3JpZ2luX2VjEE0aCXVzLWVhc3QtMSJHMEUCIQDy5IP2gPjAPSyTk6htJpVk%2FgvPP2BhnnmtqGBEyOBJlQIgdCk0ndQRoW6LOTz18188o7ReKlHkfp2Nlb9Ht7Spn54q6gIIFhAAGgw5ODc4MTA3ODg3NzUiDH3dBJeYL%2BMrKCXOMCrHAt1lseLwtrryDdjkBDBdS6Jb7b8k2tXdHPDw4peahbV7RNxrMp8w7SsgsvHOJTVVjMUInYmsqVhiB9SEi49kCPy%2B722psSKbhV0mgtlc7gYBvtaue1nvS0Vh%2Bc%2FaVcTt%2FNvmX7YuHjnLIoIT3%2BQHyq1vhrJ4PdJjrKdsQqb7Vi0M0MCBnWsh02jhklz48x8UKwJ4TE25eRwxSkZTJLxjzxXBNd528fGI%2FjKnSKPdpvZIb3KvO39WgqV7bNrjlJWvrQYEyxBjv%2BEeX4eAgJ2ip4Ue9%2FqYJjqgXcVBHJLNbvqc2eZRrKeeNy70n1mvD3Ak%2BJcu2np3Tz8EYfyUghZ3pjvygpzxmZZOgGEUs0n%2BkMjwgj50OfObsyGM5%2BLYGQCgSjKw%2FnwksL8TVNVT8dyUbY%2BLRD6H8caiGxtx94au8xnpmrNLSsyNpjDooujRBjq9Aca7yLXQOjswN1fQbOHQyUeKejxEfvSH9qH2IHECpY%2BOGdkwzfWscotH69TSCH0rI12TzMQDpnoHr71Ge%2Bh216fI%2BWd19%2BJilP6rDVEW8rC9nn08dxFPriFyn8bOjpsPHRsK3GbQUHzuSlnSvYVLfHDNdTKaQh%2Fo8JPyfxmwYNwziEh4mvm4yarWR%2B7SCS2P2lYUrjg3dbbQ38%2FylXvyPS7U3%2F2LGyEetcCMCcID188dlcZmvaAlcXG9%2FBFGUQ%3D%3D&X-Amz-Algorithm=AWS4-HMAC-SHA256&X-Amz-Date=20260623T045400Z&X-Amz-SignedHeaders=host&X-Amz-Expires=43199&X-Amz-Credential=ASIA6L7Q4OWT6TQA6KFH%2F20260623%2Fus-east-1%2Fs3%2Faws4_request&X-Amz-Signature=b9762014e75035d4c8361fb4ad2439ea494042d2caa0e89c5db1cce8eb24150b
 STACK_ID = arn:aws:cloudformation:us-east-1:339712743075:stack/awseb-e-tmf45kfwhc-stack/88f061e0-6ebf-11f1-859e-0e0c1f004235
 REGION = us-east-1
 GUID = 
 HEALTHD_GROUP_ID = 513233cb-8b18-46b0-bedf-deaa31fb7bca
 HEALTHD_ENDPOINT = https://elasticbeanstalk-health.us-east-1.amazonaws.com
 PROXY_SERVER = 
 HEALTHD_PROXY_LOG_LOCATION = 
 PLATFORM_ASSETS_URL = https://elasticbeanstalk-platform-assets-us-east-1.s3.amazonaws.com/stalks/eb_nodejs24_amazon_linux_2023_1.0.2866.0_20260610155321
[2026-06-23T04:54:43.039Z] engine url is set to https://elasticbeanstalk-platform-assets-us-east-1.s3.amazonaws.com/stalks/eb_nodejs24_amazon_linux_2023_1.0.2866.0_20260610155321/lib/platform-engine.zip
[2026-06-23T04:54:43.041Z] first init of instance.
[2026-06-23T04:54:43.047Z] Started executing cfn_init _OnInstanceBoot.
[2026-06-23T04:54:43.051Z] Running cfn-init ConfigSet: _OnInstanceBoot.
[2026-06-23T04:54:43.053Z] Using stack-id from userdata
[2026-06-23T04:54:43.717Z] Command Returned: 
[2026-06-23T04:54:43.720Z] Completed executing cfn_init.
[2026-06-23T04:54:43.723Z] finished _OnInstanceBoot
[2026-06-23T04:54:43.725Z] installing platform engine
2026-06-23 04:54:45 URL:https://elasticbeanstalk-platform-assets-us-east-1.s3.amazonaws.com/stalks/eb_nodejs24_amazon_linux_2023_1.0.2866.0_20260610155321/lib/platform-engine.zip [37637576/37637576] -> "/tmp/platform-engine.zip" [2]
[2026-06-23T04:54:46.445Z] executing platform engine. see /var/log/eb-engine.log.
[2026-06-23T04:54:48.202Z] Successfully bootstrapped instance.
[2026-06-23T04:54:48.210Z] Sending signal 0 to CFN wait condition https://cloudformation-waitcondition-us-east-1.s3.amazonaws.com/arn%3Aaws%3Acloudformation%3Aus-east-1%3A339712743075%3Astack/awseb-e-tmf45kfwhc-stack/88f061e0-6ebf-11f1-859e-0e0c1f004235/88f1e880-6ebf-11f1-859e-0e0c1f004235/AWSEBInstanceLaunchWaitHandle?X-Amz-Security-Token=IQoJb3JpZ2luX2VjEE0aCXVzLWVhc3QtMSJHMEUCIQDy5IP2gPjAPSyTk6htJpVk%2FgvPP2BhnnmtqGBEyOBJlQIgdCk0ndQRoW6LOTz18188o7ReKlHkfp2Nlb9Ht7Spn54q6gIIFhAAGgw5ODc4MTA3ODg3NzUiDH3dBJeYL%2BMrKCXOMCrHAt1lseLwtrryDdjkBDBdS6Jb7b8k2tXdHPDw4peahbV7RNxrMp8w7SsgsvHOJTVVjMUInYmsqVhiB9SEi49kCPy%2B722psSKbhV0mgtlc7gYBvtaue1nvS0Vh%2Bc%2FaVcTt%2FNvmX7YuHjnLIoIT3%2BQHyq1vhrJ4PdJjrKdsQqb7Vi0M0MCBnWsh02jhklz48x8UKwJ4TE25eRwxSkZTJLxjzxXBNd528fGI%2FjKnSKPdpvZIb3KvO39WgqV7bNrjlJWvrQYEyxBjv%2BEeX4eAgJ2ip4Ue9%2FqYJjqgXcVBHJLNbvqc2eZRrKeeNy70n1mvD3Ak%2BJcu2np3Tz8EYfyUghZ3pjvygpzxmZZOgGEUs0n%2BkMjwgj50OfObsyGM5%2BLYGQCgSjKw%2FnwksL8TVNVT8dyUbY%2BLRD6H8caiGxtx94au8xnpmrNLSsyNpjDooujRBjq9Aca7yLXQOjswN1fQbOHQyUeKejxEfvSH9qH2IHECpY%2BOGdkwzfWscotH69TSCH0rI12TzMQDpnoHr71Ge%2Bh216fI%2BWd19%2BJilP6rDVEW8rC9nn08dxFPriFyn8bOjpsPHRsK3GbQUHzuSlnSvYVLfHDNdTKaQh%2Fo8JPyfxmwYNwziEh4mvm4yarWR%2B7SCS2P2lYUrjg3dbbQ38%2FylXvyPS7U3%2F2LGyEetcCMCcID188dlcZmvaAlcXG9%2FBFGUQ%3D%3D&X-Amz-Algorithm=AWS4-HMAC-SHA256&X-Amz-Date=20260623T045400Z&X-Amz-SignedHeaders=host&X-Amz-Expires=43199&X-Amz-Credential=ASIA6L7Q4OWT6TQA6KFH%2F20260623%2Fus-east-1%2Fs3%2Faws4_request&X-Amz-Signature=b9762014e75035d4c8361fb4ad2439ea494042d2caa0e89c5db1cce8eb24150b
CloudFormation signaled successfully with status SUCCESS
[2026-06-23T04:54:48.586Z] Tailing /var/log/eb-engine.log

******************* eb-engine taillog *******************
2026/06/23 04:54:47.190064 [INFO] Running command: /usr/bin/id -u healthd || /usr/sbin/useradd --user-group healthd -s /sbin/nologin --create-home
2026/06/23 04:54:47.193554 [INFO] 1001

2026/06/23 04:54:47.193864 [INFO] configure bundle log for healthd...
2026/06/23 04:54:47.194044 [INFO] Executing instruction: GetSetupProxyLog
2026/06/23 04:54:47.194119 [INFO] Executing instruction: GetSetupAnalyzeLogs
2026/06/23 04:54:47.194195 [INFO] Skipping Install yum packages
2026/06/23 04:54:47.194206 [INFO] Skipping Install default nodejs
2026/06/23 04:54:47.194213 [INFO] Skipping MarkBaked
2026/06/23 04:54:47.194218 [INFO] Instance has NOT been bootstrapped
2026/06/23 04:54:47.194220 [INFO] Executing instruction: TuneSystemSettings
2026/06/23 04:54:47.194223 [INFO] Starting TuneSystemSettings
2026/06/23 04:54:47.194226 [INFO] Instance has NOT been bootstrapped
2026/06/23 04:54:47.196994 [INFO] Executing instruction: GetSetupLogRotate
2026/06/23 04:54:47.197012 [INFO] Initialize LogRotate files and directories
2026/06/23 04:54:47.216103 [INFO] Instance has NOT been bootstrapped
2026/06/23 04:54:47.216119 [INFO] Executing instruction: BootstrapCFNHup
2026/06/23 04:54:47.216122 [INFO] Bootstrap cfn-hup
2026/06/23 04:54:47.218426 [INFO] Copying file /opt/elasticbeanstalk/config/private/aws-eb-command-handler.conf to /etc/cfn/hooks.d/aws-eb-command-handler.conf
2026/06/23 04:54:47.220786 [INFO] Executing instruction: StartCFNHup
2026/06/23 04:54:47.220795 [INFO] Start cfn-hup
2026/06/23 04:54:47.220815 [INFO] Running command: systemctl show -p PartOf cfn-hup.service
2026/06/23 04:54:47.236586 [INFO] cfn-hup is not registered with EB yet, registering it now
2026/06/23 04:54:47.236621 [INFO] Running command: systemctl show -p PartOf cfn-hup.service
2026/06/23 04:54:47.253224 [INFO] Running command: systemctl daemon-reload
2026/06/23 04:54:47.516708 [INFO] Running command: systemctl reset-failed
2026/06/23 04:54:47.526887 [INFO] Running command: systemctl is-enabled aws-eb.target
2026/06/23 04:54:47.535467 [INFO] Running command: systemctl enable aws-eb.target
2026/06/23 04:54:47.819310 [INFO] Running command: systemctl start aws-eb.target
2026/06/23 04:54:47.829299 [INFO] Running command: systemctl enable cfn-hup.service
2026/06/23 04:54:48.081528 [INFO] Created symlink /etc/systemd/system/multi-user.target.wants/cfn-hup.service → /etc/systemd/system/cfn-hup.service.

2026/06/23 04:54:48.081563 [INFO] Running command: systemctl is-active cfn-hup.service
2026/06/23 04:54:48.091173 [INFO] cfn-hup process is not running, starting it now
2026/06/23 04:54:48.091193 [INFO] Running command: systemctl show -p PartOf cfn-hup.service
2026/06/23 04:54:48.104160 [INFO] Running command: systemctl is-active cfn-hup.service
2026/06/23 04:54:48.112827 [INFO] Running command: systemctl start cfn-hup.service
2026/06/23 04:54:48.194856 [INFO] Instance has NOT been bootstrapped
2026/06/23 04:54:48.194881 [INFO] Executing instruction: SetupPublishLogCronjob
2026/06/23 04:54:48.194886 [INFO] Setup publish logs cron job...
2026/06/23 04:54:48.194893 [INFO] Copying file /opt/elasticbeanstalk/config/private/logtasks/cron/publishlogs to /etc/cron.d/publishlogs
2026/06/23 04:54:48.198104 [INFO] Instance has NOT been bootstrapped
2026/06/23 04:54:48.198129 [INFO] Executing instruction: MarkBootstrapped
2026/06/23 04:54:48.198134 [INFO] Starting MarkBootstrapped
2026/06/23 04:54:48.198140 [INFO] Instance has NOT been bootstrapped
2026/06/23 04:54:48.198241 [INFO] Marked instance as Bootstrapped
2026/06/23 04:54:48.198248 [INFO] Executing instruction: Save CFN Stack Info
2026/06/23 04:54:48.198321 [INFO] Executing cleanup logic
2026/06/23 04:54:48.198334 [INFO] Platform Engine finished execution on command: env-launch
******************* End of taillog *******************


[2026-06-23T04:54:48.595Z] Tailing /var/log/eb-tools.log

******************* eb-tools taillog *******************
***eb-tools is not available yet.***
******************* End of taillog *******************


[2026-06-23T04:54:48.598Z] Tailing /var/log/eb-hooks.log

******************* eb-hooks taillog *******************
***eb-hooks is not available yet.***
******************* End of taillog *******************


[2026-06-23T04:54:48.601Z] Tailing /var/log/cfn-init.log

******************* cfn-init taillog *******************
2026-06-23 04:54:43,379 [INFO] -----------------------Starting build-----------------------
2026-06-23 04:54:43,384 [INFO] Running configSets: _OnInstanceBoot
2026-06-23 04:54:43,385 [INFO] Running configSet _OnInstanceBoot
2026-06-23 04:54:43,387 [INFO] Running config AWSEBBaseConfig
2026-06-23 04:54:43,680 [INFO] Command clearbackupfiles succeeded
2026-06-23 04:54:43,684 [INFO] Running config AWSEBCfnHupEndpointOverride
2026-06-23 04:54:43,689 [INFO] Command clearbackupfiles succeeded
2026-06-23 04:54:43,690 [INFO] ConfigSets completed
2026-06-23 04:54:43,690 [INFO] -----------------------Build complete-----------------------
******************* End of taillog *******************


[2026-06-23T04:54:48.605Z] Tailing /var/log/cfn-hup.log

******************* cfn-hup taillog *******************
2026-06-23 04:54:48,427 [DEBUG] CloudFormation client initialized with endpoint https://cloudformation.us-east-1.amazonaws.com
2026-06-23 04:54:48,427 [DEBUG] SQS client initialized with endpoint https://sqs.us-east-1.amazonaws.com
2026-06-23 04:54:48,427 [DEBUG] CloudFormation client initialized with endpoint https://cloudformation.us-east-1.amazonaws.com
2026-06-23 04:54:48,428 [DEBUG] Enabled single threading mode.
2026-06-23 04:54:48,428 [DEBUG] Creating /var/lib/cfn-hup/data
2026-06-23 04:54:48,439 [INFO] No umask value specified in config file. Using the default one: 0o22
2026-06-23 04:54:48,512 [INFO] Pid: 1822
******************* End of taillog *******************


[2026-06-23T04:54:48.609Z] Completed EB Bootstrapping Script.
+ RESULT=0
+ [[ 0 -ne 0 ]]
+ exit 0
