# Logfile created on 2026-06-23 04:55:23 +0000 by logger.rb/v1.7.0
A, [2026-06-23T04:55:24.590613 #2073]   ANY -- : healthd daemon 1.0.10 initialized
W, [2026-06-23T04:55:24.680117 #2073]  WARN -- : log file "/var/log/nginx/healthd/application.log.2026-06-23-04" does not exist
W, [2026-06-23T04:55:29.681722 #2073]  WARN -- : log file "/var/log/nginx/healthd/application.log.2026-06-23-04" does not exist
W, [2026-06-23T04:55:34.681964 #2073]  WARN -- : log file "/var/log/nginx/healthd/application.log.2026-06-23-04" does not exist
W, [2026-06-23T04:55:39.682244 #2073]  WARN -- : log file "/var/log/nginx/healthd/application.log.2026-06-23-04" does not exist
W, [2026-06-23T04:55:44.682507 #2073]  WARN -- : log file "/var/log/nginx/healthd/application.log.2026-06-23-04" does not exist
W, [2026-06-23T04:55:49.682784 #2073]  WARN -- : log file "/var/log/nginx/healthd/application.log.2026-06-23-04" does not exist
W, [2026-06-23T04:55:54.683063 #2073]  WARN -- : log file "/var/log/nginx/healthd/application.log.2026-06-23-04" does not exist
W, [2026-06-23T04:55:59.683318 #2073]  WARN -- : log file "/var/log/nginx/healthd/application.log.2026-06-23-04" does not exist
W, [2026-06-23T04:56:04.683584 #2073]  WARN -- : log file "/var/log/nginx/healthd/application.log.2026-06-23-04" does not exist
W, [2026-06-23T04:56:09.683831 #2073]  WARN -- : log file "/var/log/nginx/healthd/application.log.2026-06-23-04" does not exist
W, [2026-06-23T04:56:14.684102 #2073]  WARN -- : log file "/var/log/nginx/healthd/application.log.2026-06-23-04" does not exist
W, [2026-06-23T04:56:19.684358 #2073]  WARN -- : log file "/var/log/nginx/healthd/application.log.2026-06-23-04" does not exist
W, [2026-06-23T04:56:24.684623 #2073]  WARN -- : log file "/var/log/nginx/healthd/application.log.2026-06-23-04" does not exist
W, [2026-06-23T04:56:29.684880 #2073]  WARN -- : log file "/var/log/nginx/healthd/application.log.2026-06-23-04" does not exist
W, [2026-06-23T04:56:34.685149 #2073]  WARN -- : log file "/var/log/nginx/healthd/application.log.2026-06-23-04" does not exist
W, [2026-06-23T04:56:39.685380 #2073]  WARN -- : log file "/var/log/nginx/healthd/application.log.2026-06-23-04" does not exist
W, [2026-06-23T04:56:44.685731 #2073]  WARN -- : log file "/var/log/nginx/healthd/application.log.2026-06-23-04" does not exist
W, [2026-06-23T04:56:49.685995 #2073]  WARN -- : log file "/var/log/nginx/healthd/application.log.2026-06-23-04" does not exist
W, [2026-06-23T04:56:54.686225 #2073]  WARN -- : log file "/var/log/nginx/healthd/application.log.2026-06-23-04" does not exist
W, [2026-06-23T04:56:59.686482 #2073]  WARN -- : log file "/var/log/nginx/healthd/application.log.2026-06-23-04" does not exist
W, [2026-06-23T04:57:04.686746 #2073]  WARN -- : log file "/var/log/nginx/healthd/application.log.2026-06-23-04" does not exist
W, [2026-06-23T04:57:09.686984 #2073]  WARN -- : log file "/var/log/nginx/healthd/application.log.2026-06-23-04" does not exist
W, [2026-06-23T04:57:14.687247 #2073]  WARN -- : log file "/var/log/nginx/healthd/application.log.2026-06-23-04" does not exist
W, [2026-06-23T04:57:19.687500 #2073]  WARN -- : log file "/var/log/nginx/healthd/application.log.2026-06-23-04" does not exist
W, [2026-06-23T04:57:24.687751 #2073]  WARN -- : log file "/var/log/nginx/healthd/application.log.2026-06-23-04" does not exist
W, [2026-06-23T04:57:29.688015 #2073]  WARN -- : log file "/var/log/nginx/healthd/application.log.2026-06-23-04" does not exist
W, [2026-06-23T04:57:34.688268 #2073]  WARN -- : log file "/var/log/nginx/healthd/application.log.2026-06-23-04" does not exist
W, [2026-06-23T04:57:39.688524 #2073]  WARN -- : log file "/var/log/nginx/healthd/application.log.2026-06-23-04" does not exist
W, [2026-06-23T04:57:44.689477 #2073]  WARN -- : log file "/var/log/nginx/healthd/application.log.2026-06-23-04" does not exist
W, [2026-06-23T04:57:49.689824 #2073]  WARN -- : log file "/var/log/nginx/healthd/application.log.2026-06-23-04" does not exist
W, [2026-06-23T04:57:54.690077 #2073]  WARN -- : log file "/var/log/nginx/healthd/application.log.2026-06-23-04" does not exist
W, [2026-06-23T04:57:59.690353 #2073]  WARN -- : log file "/var/log/nginx/healthd/application.log.2026-06-23-04" does not exist
W, [2026-06-23T04:58:04.690623 #2073]  WARN -- : log file "/var/log/nginx/healthd/application.log.2026-06-23-04" does not exist
W, [2026-06-23T04:58:09.690882 #2073]  WARN -- : log file "/var/log/nginx/healthd/application.log.2026-06-23-04" does not exist
W, [2026-06-23T04:58:14.691145 #2073]  WARN -- : log file "/var/log/nginx/healthd/application.log.2026-06-23-04" does not exist
W, [2026-06-23T04:58:19.691412 #2073]  WARN -- : log file "/var/log/nginx/healthd/application.log.2026-06-23-04" does not exist
W, [2026-06-23T04:58:24.691658 #2073]  WARN -- : log file "/var/log/nginx/healthd/application.log.2026-06-23-04" does not exist
W, [2026-06-23T04:58:29.691910 #2073]  WARN -- : log file "/var/log/nginx/healthd/application.log.2026-06-23-04" does not exist
W, [2026-06-23T04:58:34.692163 #2073]  WARN -- : log file "/var/log/nginx/healthd/application.log.2026-06-23-04" does not exist
W, [2026-06-23T04:58:39.692415 #2073]  WARN -- : log file "/var/log/nginx/healthd/application.log.2026-06-23-04" does not exist
W, [2026-06-23T04:58:44.692697 #2073]  WARN -- : log file "/var/log/nginx/healthd/application.log.2026-06-23-04" does not exist
W, [2026-06-23T04:58:49.692955 #2073]  WARN -- : log file "/var/log/nginx/healthd/application.log.2026-06-23-04" does not exist
W, [2026-06-23T04:58:54.693221 #2073]  WARN -- : log file "/var/log/nginx/healthd/application.log.2026-06-23-04" does not exist
W, [2026-06-23T04:58:59.693499 #2073]  WARN -- : log file "/var/log/nginx/healthd/application.log.2026-06-23-04" does not exist
W, [2026-06-23T04:59:04.693843 #2073]  WARN -- : log file "/var/log/nginx/healthd/application.log.2026-06-23-04" does not exist
W, [2026-06-23T04:59:09.694100 #2073]  WARN -- : log file "/var/log/nginx/healthd/application.log.2026-06-23-04" does not exist
W, [2026-06-23T04:59:14.694348 #2073]  WARN -- : log file "/var/log/nginx/healthd/application.log.2026-06-23-04" does not exist
W, [2026-06-23T04:59:19.694606 #2073]  WARN -- : log file "/var/log/nginx/healthd/application.log.2026-06-23-04" does not exist
W, [2026-06-23T04:59:24.694878 #2073]  WARN -- : log file "/var/log/nginx/healthd/application.log.2026-06-23-04" does not exist
W, [2026-06-23T04:59:29.695164 #2073]  WARN -- : log file "/var/log/nginx/healthd/application.log.2026-06-23-04" does not exist
W, [2026-06-23T04:59:34.695443 #2073]  WARN -- : log file "/var/log/nginx/healthd/application.log.2026-06-23-04" does not exist
W, [2026-06-23T04:59:39.695696 #2073]  WARN -- : log file "/var/log/nginx/healthd/application.log.2026-06-23-04" does not exist
W, [2026-06-23T04:59:44.695963 #2073]  WARN -- : log file "/var/log/nginx/healthd/application.log.2026-06-23-04" does not exist
W, [2026-06-23T04:59:49.696212 #2073]  WARN -- : log file "/var/log/nginx/healthd/application.log.2026-06-23-04" does not exist
W, [2026-06-23T04:59:54.696453 #2073]  WARN -- : log file "/var/log/nginx/healthd/application.log.2026-06-23-04" does not exist
W, [2026-06-23T04:59:59.696712 #2073]  WARN -- : log file "/var/log/nginx/healthd/application.log.2026-06-23-04" does not exist
W, [2026-06-23T05:00:04.697477 #2073]  WARN -- : log file "/var/log/nginx/healthd/application.log.2026-06-23-05" does not exist
W, [2026-06-23T05:00:09.700557 #2073]  WARN -- : log file "/var/log/nginx/healthd/application.log.2026-06-23-05" does not exist
W, [2026-06-23T05:00:14.700820 #2073]  WARN -- : log file "/var/log/nginx/healthd/application.log.2026-06-23-05" does not exist
W, [2026-06-23T05:00:19.701078 #2073]  WARN -- : log file "/var/log/nginx/healthd/application.log.2026-06-23-05" does not exist
W, [2026-06-23T05:00:24.701337 #2073]  WARN -- : log file "/var/log/nginx/healthd/application.log.2026-06-23-05" does not exist
W, [2026-06-23T05:00:29.701650 #2073]  WARN -- : log file "/var/log/nginx/healthd/application.log.2026-06-23-05" does not exist
W, [2026-06-23T05:00:34.701906 #2073]  WARN -- : log file "/var/log/nginx/healthd/application.log.2026-06-23-05" does not exist
W, [2026-06-23T06:00:00.371897 #2073]  WARN -- : log file "/var/log/nginx/healthd/application.log.2026-06-23-06" does not exist
W, [2026-06-23T06:00:05.372193 #2073]  WARN -- : log file "/var/log/nginx/healthd/application.log.2026-06-23-06" does not exist
W, [2026-06-23T06:00:10.372456 #2073]  WARN -- : log file "/var/log/nginx/healthd/application.log.2026-06-23-06" does not exist
W, [2026-06-23T06:00:15.372719 #2073]  WARN -- : log file "/var/log/nginx/healthd/application.log.2026-06-23-06" does not exist
W, [2026-06-23T06:00:20.373000 #2073]  WARN -- : log file "/var/log/nginx/healthd/application.log.2026-06-23-06" does not exist
W, [2026-06-23T06:00:25.373322 #2073]  WARN -- : log file "/var/log/nginx/healthd/application.log.2026-06-23-06" does not exist
W, [2026-06-23T06:00:30.373579 #2073]  WARN -- : log file "/var/log/nginx/healthd/application.log.2026-06-23-06" does not exist
W, [2026-06-23T06:00:35.373890 #2073]  WARN -- : log file "/var/log/nginx/healthd/application.log.2026-06-23-06" does not exist
W, [2026-06-23T06:00:40.374155 #2073]  WARN -- : log file "/var/log/nginx/healthd/application.log.2026-06-23-06" does not exist
W, [2026-06-23T06:00:45.374412 #2073]  WARN -- : log file "/var/log/nginx/healthd/application.log.2026-06-23-06" does not exist
W, [2026-06-23T06:00:50.374662 #2073]  WARN -- : log file "/var/log/nginx/healthd/application.log.2026-06-23-06" does not exist
W, [2026-06-23T06:00:55.374928 #2073]  WARN -- : log file "/var/log/nginx/healthd/application.log.2026-06-23-06" does not exist
W, [2026-06-23T06:01:00.375207 #2073]  WARN -- : log file "/var/log/nginx/healthd/application.log.2026-06-23-06" does not exist
W, [2026-06-23T06:01:05.375467 #2073]  WARN -- : log file "/var/log/nginx/healthd/application.log.2026-06-23-06" does not exist
W, [2026-06-23T06:01:10.375717 #2073]  WARN -- : log file "/var/log/nginx/healthd/application.log.2026-06-23-06" does not exist
W, [2026-06-23T06:01:15.375957 #2073]  WARN -- : log file "/var/log/nginx/healthd/application.log.2026-06-23-06" does not exist
W, [2026-06-23T06:01:20.376215 #2073]  WARN -- : log file "/var/log/nginx/healthd/application.log.2026-06-23-06" does not exist
W, [2026-06-23T06:01:25.376474 #2073]  WARN -- : log file "/var/log/nginx/healthd/application.log.2026-06-23-06" does not exist
W, [2026-06-23T06:01:30.376742 #2073]  WARN -- : log file "/var/log/nginx/healthd/application.log.2026-06-23-06" does not exist
W, [2026-06-23T06:01:35.377018 #2073]  WARN -- : log file "/var/log/nginx/healthd/application.log.2026-06-23-06" does not exist
W, [2026-06-23T06:01:40.377268 #2073]  WARN -- : log file "/var/log/nginx/healthd/application.log.2026-06-23-06" does not exist
W, [2026-06-23T06:01:45.377519 #2073]  WARN -- : log file "/var/log/nginx/healthd/application.log.2026-06-23-06" does not exist
W, [2026-06-23T06:01:50.377813 #2073]  WARN -- : log file "/var/log/nginx/healthd/application.log.2026-06-23-06" does not exist
W, [2026-06-23T06:01:55.378068 #2073]  WARN -- : log file "/var/log/nginx/healthd/application.log.2026-06-23-06" does not exist
W, [2026-06-23T06:02:00.378327 #2073]  WARN -- : log file "/var/log/nginx/healthd/application.log.2026-06-23-06" does not exist
W, [2026-06-23T06:02:05.378602 #2073]  WARN -- : log file "/var/log/nginx/healthd/application.log.2026-06-23-06" does not exist
W, [2026-06-23T06:02:10.378834 #2073]  WARN -- : log file "/var/log/nginx/healthd/application.log.2026-06-23-06" does not exist
W, [2026-06-23T06:02:15.379088 #2073]  WARN -- : log file "/var/log/nginx/healthd/application.log.2026-06-23-06" does not exist
W, [2026-06-23T06:02:20.379336 #2073]  WARN -- : log file "/var/log/nginx/healthd/application.log.2026-06-23-06" does not exist
W, [2026-06-23T06:02:25.379592 #2073]  WARN -- : log file "/var/log/nginx/healthd/application.log.2026-06-23-06" does not exist
W, [2026-06-23T06:02:30.379836 #2073]  WARN -- : log file "/var/log/nginx/healthd/application.log.2026-06-23-06" does not exist
W, [2026-06-23T06:02:35.380097 #2073]  WARN -- : log file "/var/log/nginx/healthd/application.log.2026-06-23-06" does not exist
W, [2026-06-23T06:02:40.380363 #2073]  WARN -- : log file "/var/log/nginx/healthd/application.log.2026-06-23-06" does not exist
W, [2026-06-23T06:02:45.380624 #2073]  WARN -- : log file "/var/log/nginx/healthd/application.log.2026-06-23-06" does not exist
W, [2026-06-23T06:02:50.380874 #2073]  WARN -- : log file "/var/log/nginx/healthd/application.log.2026-06-23-06" does not exist
W, [2026-06-23T06:02:55.381136 #2073]  WARN -- : log file "/var/log/nginx/healthd/application.log.2026-06-23-06" does not exist
W, [2026-06-23T06:03:00.381397 #2073]  WARN -- : log file "/var/log/nginx/healthd/application.log.2026-06-23-06" does not exist
W, [2026-06-23T06:03:05.381760 #2073]  WARN -- : log file "/var/log/nginx/healthd/application.log.2026-06-23-06" does not exist
W, [2026-06-23T06:03:10.382012 #2073]  WARN -- : log file "/var/log/nginx/healthd/application.log.2026-06-23-06" does not exist
W, [2026-06-23T06:03:15.382277 #2073]  WARN -- : log file "/var/log/nginx/healthd/application.log.2026-06-23-06" does not exist
W, [2026-06-23T06:03:20.382532 #2073]  WARN -- : log file "/var/log/nginx/healthd/application.log.2026-06-23-06" does not exist
W, [2026-06-23T06:03:25.382799 #2073]  WARN -- : log file "/var/log/nginx/healthd/application.log.2026-06-23-06" does not exist
W, [2026-06-23T06:03:30.383048 #2073]  WARN -- : log file "/var/log/nginx/healthd/application.log.2026-06-23-06" does not exist
W, [2026-06-23T06:03:35.383304 #2073]  WARN -- : log file "/var/log/nginx/healthd/application.log.2026-06-23-06" does not exist
W, [2026-06-23T06:03:40.383550 #2073]  WARN -- : log file "/var/log/nginx/healthd/application.log.2026-06-23-06" does not exist
W, [2026-06-23T06:03:45.383857 #2073]  WARN -- : log file "/var/log/nginx/healthd/application.log.2026-06-23-06" does not exist
W, [2026-06-23T06:03:50.384116 #2073]  WARN -- : log file "/var/log/nginx/healthd/application.log.2026-06-23-06" does not exist
W, [2026-06-23T06:03:55.384372 #2073]  WARN -- : log file "/var/log/nginx/healthd/application.log.2026-06-23-06" does not exist
W, [2026-06-23T06:04:00.384640 #2073]  WARN -- : log file "/var/log/nginx/healthd/application.log.2026-06-23-06" does not exist
W, [2026-06-23T06:04:05.384900 #2073]  WARN -- : log file "/var/log/nginx/healthd/application.log.2026-06-23-06" does not exist
W, [2026-06-23T06:04:10.385178 #2073]  WARN -- : log file "/var/log/nginx/healthd/application.log.2026-06-23-06" does not exist
W, [2026-06-23T06:04:15.385448 #2073]  WARN -- : log file "/var/log/nginx/healthd/application.log.2026-06-23-06" does not exist
W, [2026-06-23T06:04:20.385782 #2073]  WARN -- : log file "/var/log/nginx/healthd/application.log.2026-06-23-06" does not exist
W, [2026-06-23T06:04:25.386015 #2073]  WARN -- : log file "/var/log/nginx/healthd/application.log.2026-06-23-06" does not exist
W, [2026-06-23T06:04:30.386258 #2073]  WARN -- : log file "/var/log/nginx/healthd/application.log.2026-06-23-06" does not exist
W, [2026-06-23T06:04:35.386529 #2073]  WARN -- : log file "/var/log/nginx/healthd/application.log.2026-06-23-06" does not exist
W, [2026-06-23T06:04:40.386764 #2073]  WARN -- : log file "/var/log/nginx/healthd/application.log.2026-06-23-06" does not exist
W, [2026-06-23T06:04:45.387018 #2073]  WARN -- : log file "/var/log/nginx/healthd/application.log.2026-06-23-06" does not exist
W, [2026-06-23T06:04:50.387266 #2073]  WARN -- : log file "/var/log/nginx/healthd/application.log.2026-06-23-06" does not exist
W, [2026-06-23T06:04:55.387522 #2073]  WARN -- : log file "/var/log/nginx/healthd/application.log.2026-06-23-06" does not exist
W, [2026-06-23T06:05:00.387764 #2073]  WARN -- : log file "/var/log/nginx/healthd/application.log.2026-06-23-06" does not exist
W, [2026-06-23T06:05:05.388023 #2073]  WARN -- : log file "/var/log/nginx/healthd/application.log.2026-06-23-06" does not exist
W, [2026-06-23T06:05:10.388275 #2073]  WARN -- : log file "/var/log/nginx/healthd/application.log.2026-06-23-06" does not exist
W, [2026-06-23T06:05:15.388531 #2073]  WARN -- : log file "/var/log/nginx/healthd/application.log.2026-06-23-06" does not exist
W, [2026-06-23T06:05:20.388789 #2073]  WARN -- : log file "/var/log/nginx/healthd/application.log.2026-06-23-06" does not exist
W, [2026-06-23T06:05:25.389049 #2073]  WARN -- : log file "/var/log/nginx/healthd/application.log.2026-06-23-06" does not exist
W, [2026-06-23T06:05:30.389317 #2073]  WARN -- : log file "/var/log/nginx/healthd/application.log.2026-06-23-06" does not exist
W, [2026-06-23T06:05:35.389567 #2073]  WARN -- : log file "/var/log/nginx/healthd/application.log.2026-06-23-06" does not exist
W, [2026-06-23T06:05:40.389926 #2073]  WARN -- : log file "/var/log/nginx/healthd/application.log.2026-06-23-06" does not exist
W, [2026-06-23T06:05:45.390183 #2073]  WARN -- : log file "/var/log/nginx/healthd/application.log.2026-06-23-06" does not exist
W, [2026-06-23T06:05:50.390432 #2073]  WARN -- : log file "/var/log/nginx/healthd/application.log.2026-06-23-06" does not exist
W, [2026-06-23T06:05:55.390683 #2073]  WARN -- : log file "/var/log/nginx/healthd/application.log.2026-06-23-06" does not exist
W, [2026-06-23T06:06:00.390944 #2073]  WARN -- : log file "/var/log/nginx/healthd/application.log.2026-06-23-06" does not exist
W, [2026-06-23T06:06:05.391217 #2073]  WARN -- : log file "/var/log/nginx/healthd/application.log.2026-06-23-06" does not exist
W, [2026-06-23T06:06:10.391472 #2073]  WARN -- : log file "/var/log/nginx/healthd/application.log.2026-06-23-06" does not exist
W, [2026-06-23T06:06:15.391727 #2073]  WARN -- : log file "/var/log/nginx/healthd/application.log.2026-06-23-06" does not exist
W, [2026-06-23T06:06:20.391973 #2073]  WARN -- : log file "/var/log/nginx/healthd/application.log.2026-06-23-06" does not exist
W, [2026-06-23T06:06:25.392232 #2073]  WARN -- : log file "/var/log/nginx/healthd/application.log.2026-06-23-06" does not exist
W, [2026-06-23T06:06:30.392488 #2073]  WARN -- : log file "/var/log/nginx/healthd/application.log.2026-06-23-06" does not exist
W, [2026-06-23T06:06:35.392755 #2073]  WARN -- : log file "/var/log/nginx/healthd/application.log.2026-06-23-06" does not exist
W, [2026-06-23T06:06:40.393018 #2073]  WARN -- : log file "/var/log/nginx/healthd/application.log.2026-06-23-06" does not exist
W, [2026-06-23T06:06:45.393274 #2073]  WARN -- : log file "/var/log/nginx/healthd/application.log.2026-06-23-06" does not exist
W, [2026-06-23T06:06:50.393516 #2073]  WARN -- : log file "/var/log/nginx/healthd/application.log.2026-06-23-06" does not exist
W, [2026-06-23T06:06:55.393820 #2073]  WARN -- : log file "/var/log/nginx/healthd/application.log.2026-06-23-06" does not exist
W, [2026-06-23T06:07:00.394089 #2073]  WARN -- : log file "/var/log/nginx/healthd/application.log.2026-06-23-06" does not exist
W, [2026-06-23T06:07:05.394371 #2073]  WARN -- : log file "/var/log/nginx/healthd/application.log.2026-06-23-06" does not exist
W, [2026-06-23T06:07:10.394634 #2073]  WARN -- : log file "/var/log/nginx/healthd/application.log.2026-06-23-06" does not exist
W, [2026-06-23T06:07:15.394887 #2073]  WARN -- : log file "/var/log/nginx/healthd/application.log.2026-06-23-06" does not exist
W, [2026-06-23T06:07:20.395161 #2073]  WARN -- : log file "/var/log/nginx/healthd/application.log.2026-06-23-06" does not exist
W, [2026-06-23T06:07:25.395424 #2073]  WARN -- : log file "/var/log/nginx/healthd/application.log.2026-06-23-06" does not exist
W, [2026-06-23T06:07:30.395667 #2073]  WARN -- : log file "/var/log/nginx/healthd/application.log.2026-06-23-06" does not exist
W, [2026-06-23T06:07:35.395915 #2073]  WARN -- : log file "/var/log/nginx/healthd/application.log.2026-06-23-06" does not exist
W, [2026-06-23T06:07:40.396189 #2073]  WARN -- : log file "/var/log/nginx/healthd/application.log.2026-06-23-06" does not exist
W, [2026-06-23T06:07:45.396456 #2073]  WARN -- : log file "/var/log/nginx/healthd/application.log.2026-06-23-06" does not exist
W, [2026-06-23T06:07:50.396711 #2073]  WARN -- : log file "/var/log/nginx/healthd/application.log.2026-06-23-06" does not exist
W, [2026-06-23T06:07:55.396971 #2073]  WARN -- : log file "/var/log/nginx/healthd/application.log.2026-06-23-06" does not exist
W, [2026-06-23T06:08:00.397227 #2073]  WARN -- : log file "/var/log/nginx/healthd/application.log.2026-06-23-06" does not exist
W, [2026-06-23T06:08:05.397500 #2073]  WARN -- : log file "/var/log/nginx/healthd/application.log.2026-06-23-06" does not exist
W, [2026-06-23T06:08:10.397886 #2073]  WARN -- : log file "/var/log/nginx/healthd/application.log.2026-06-23-06" does not exist
W, [2026-06-23T06:08:15.398140 #2073]  WARN -- : log file "/var/log/nginx/healthd/application.log.2026-06-23-06" does not exist
W, [2026-06-23T06:08:20.398391 #2073]  WARN -- : log file "/var/log/nginx/healthd/application.log.2026-06-23-06" does not exist
W, [2026-06-23T06:08:25.398648 #2073]  WARN -- : log file "/var/log/nginx/healthd/application.log.2026-06-23-06" does not exist
W, [2026-06-23T06:08:30.398923 #2073]  WARN -- : log file "/var/log/nginx/healthd/application.log.2026-06-23-06" does not exist
W, [2026-06-23T06:08:35.399186 #2073]  WARN -- : log file "/var/log/nginx/healthd/application.log.2026-06-23-06" does not exist
W, [2026-06-23T06:08:40.399445 #2073]  WARN -- : log file "/var/log/nginx/healthd/application.log.2026-06-23-06" does not exist
W, [2026-06-23T06:08:45.399706 #2073]  WARN -- : log file "/var/log/nginx/healthd/application.log.2026-06-23-06" does not exist
W, [2026-06-23T06:08:50.399969 #2073]  WARN -- : log file "/var/log/nginx/healthd/application.log.2026-06-23-06" does not exist
W, [2026-06-23T06:08:55.400232 #2073]  WARN -- : log file "/var/log/nginx/healthd/application.log.2026-06-23-06" does not exist
W, [2026-06-23T06:09:00.400504 #2073]  WARN -- : log file "/var/log/nginx/healthd/application.log.2026-06-23-06" does not exist
W, [2026-06-23T06:09:05.400768 #2073]  WARN -- : log file "/var/log/nginx/healthd/application.log.2026-06-23-06" does not exist
W, [2026-06-23T06:09:10.401035 #2073]  WARN -- : log file "/var/log/nginx/healthd/application.log.2026-06-23-06" does not exist
W, [2026-06-23T06:09:15.401302 #2073]  WARN -- : log file "/var/log/nginx/healthd/application.log.2026-06-23-06" does not exist
W, [2026-06-23T06:09:20.401573 #2073]  WARN -- : log file "/var/log/nginx/healthd/application.log.2026-06-23-06" does not exist
W, [2026-06-23T06:09:25.401955 #2073]  WARN -- : log file "/var/log/nginx/healthd/application.log.2026-06-23-06" does not exist
W, [2026-06-23T06:09:30.402207 #2073]  WARN -- : log file "/var/log/nginx/healthd/application.log.2026-06-23-06" does not exist
W, [2026-06-23T06:09:35.402485 #2073]  WARN -- : log file "/var/log/nginx/healthd/application.log.2026-06-23-06" does not exist
W, [2026-06-23T06:09:40.402745 #2073]  WARN -- : log file "/var/log/nginx/healthd/application.log.2026-06-23-06" does not exist
W, [2026-06-23T06:09:45.403020 #2073]  WARN -- : log file "/var/log/nginx/healthd/application.log.2026-06-23-06" does not exist
W, [2026-06-23T06:09:50.403266 #2073]  WARN -- : log file "/var/log/nginx/healthd/application.log.2026-06-23-06" does not exist
W, [2026-06-23T06:09:55.403546 #2073]  WARN -- : log file "/var/log/nginx/healthd/application.log.2026-06-23-06" does not exist
W, [2026-06-23T06:10:00.403823 #2073]  WARN -- : log file "/var/log/nginx/healthd/application.log.2026-06-23-06" does not exist
W, [2026-06-23T06:10:05.404083 #2073]  WARN -- : log file "/var/log/nginx/healthd/application.log.2026-06-23-06" does not exist
W, [2026-06-23T06:10:10.404320 #2073]  WARN -- : log file "/var/log/nginx/healthd/application.log.2026-06-23-06" does not exist
W, [2026-06-23T06:10:15.404574 #2073]  WARN -- : log file "/var/log/nginx/healthd/application.log.2026-06-23-06" does not exist
W, [2026-06-23T06:10:20.404808 #2073]  WARN -- : log file "/var/log/nginx/healthd/application.log.2026-06-23-06" does not exist
W, [2026-06-23T06:10:25.405042 #2073]  WARN -- : log file "/var/log/nginx/healthd/application.log.2026-06-23-06" does not exist
W, [2026-06-23T06:10:30.405257 #2073]  WARN -- : log file "/var/log/nginx/healthd/application.log.2026-06-23-06" does not exist
W, [2026-06-23T06:10:35.405482 #2073]  WARN -- : log file "/var/log/nginx/healthd/application.log.2026-06-23-06" does not exist
W, [2026-06-23T06:10:40.405853 #2073]  WARN -- : log file "/var/log/nginx/healthd/application.log.2026-06-23-06" does not exist
W, [2026-06-23T06:10:45.406138 #2073]  WARN -- : log file "/var/log/nginx/healthd/application.log.2026-06-23-06" does not exist
W, [2026-06-23T06:10:50.406409 #2073]  WARN -- : log file "/var/log/nginx/healthd/application.log.2026-06-23-06" does not exist
W, [2026-06-23T06:10:55.406684 #2073]  WARN -- : log file "/var/log/nginx/healthd/application.log.2026-06-23-06" does not exist
W, [2026-06-23T06:11:00.406943 #2073]  WARN -- : log file "/var/log/nginx/healthd/application.log.2026-06-23-06" does not exist
W, [2026-06-23T06:11:05.407205 #2073]  WARN -- : log file "/var/log/nginx/healthd/application.log.2026-06-23-06" does not exist
W, [2026-06-23T06:11:10.407455 #2073]  WARN -- : log file "/var/log/nginx/healthd/application.log.2026-06-23-06" does not exist
W, [2026-06-23T06:11:15.407706 #2073]  WARN -- : log file "/var/log/nginx/healthd/application.log.2026-06-23-06" does not exist
W, [2026-06-23T06:11:20.407971 #2073]  WARN -- : log file "/var/log/nginx/healthd/application.log.2026-06-23-06" does not exist
W, [2026-06-23T06:11:25.408238 #2073]  WARN -- : log file "/var/log/nginx/healthd/application.log.2026-06-23-06" does not exist
W, [2026-06-23T06:11:30.408612 #2073]  WARN -- : log file "/var/log/nginx/healthd/application.log.2026-06-23-06" does not exist
W, [2026-06-23T06:11:35.408888 #2073]  WARN -- : log file "/var/log/nginx/healthd/application.log.2026-06-23-06" does not exist
W, [2026-06-23T06:11:40.409146 #2073]  WARN -- : log file "/var/log/nginx/healthd/application.log.2026-06-23-06" does not exist
W, [2026-06-23T06:11:45.409409 #2073]  WARN -- : log file "/var/log/nginx/healthd/application.log.2026-06-23-06" does not exist
W, [2026-06-23T06:11:50.409816 #2073]  WARN -- : log file "/var/log/nginx/healthd/application.log.2026-06-23-06" does not exist
W, [2026-06-23T06:11:55.410089 #2073]  WARN -- : log file "/var/log/nginx/healthd/application.log.2026-06-23-06" does not exist
W, [2026-06-23T06:12:00.410369 #2073]  WARN -- : log file "/var/log/nginx/healthd/application.log.2026-06-23-06" does not exist
W, [2026-06-23T06:12:05.410646 #2073]  WARN -- : log file "/var/log/nginx/healthd/application.log.2026-06-23-06" does not exist
W, [2026-06-23T06:12:10.410893 #2073]  WARN -- : log file "/var/log/nginx/healthd/application.log.2026-06-23-06" does not exist
W, [2026-06-23T06:12:15.411157 #2073]  WARN -- : log file "/var/log/nginx/healthd/application.log.2026-06-23-06" does not exist
W, [2026-06-23T06:12:20.411415 #2073]  WARN -- : log file "/var/log/nginx/healthd/application.log.2026-06-23-06" does not exist
W, [2026-06-23T06:12:25.411684 #2073]  WARN -- : log file "/var/log/nginx/healthd/application.log.2026-06-23-06" does not exist
W, [2026-06-23T06:12:30.411940 #2073]  WARN -- : log file "/var/log/nginx/healthd/application.log.2026-06-23-06" does not exist
W, [2026-06-23T06:12:35.412190 #2073]  WARN -- : log file "/var/log/nginx/healthd/application.log.2026-06-23-06" does not exist
W, [2026-06-23T06:12:40.412458 #2073]  WARN -- : log file "/var/log/nginx/healthd/application.log.2026-06-23-06" does not exist
W, [2026-06-23T06:12:45.412723 #2073]  WARN -- : log file "/var/log/nginx/healthd/application.log.2026-06-23-06" does not exist
W, [2026-06-23T06:12:50.412984 #2073]  WARN -- : log file "/var/log/nginx/healthd/application.log.2026-06-23-06" does not exist
W, [2026-06-23T06:12:55.413252 #2073]  WARN -- : log file "/var/log/nginx/healthd/application.log.2026-06-23-06" does not exist
W, [2026-06-23T06:13:00.413503 #2073]  WARN -- : log file "/var/log/nginx/healthd/application.log.2026-06-23-06" does not exist
W, [2026-06-23T06:13:05.413864 #2073]  WARN -- : log file "/var/log/nginx/healthd/application.log.2026-06-23-06" does not exist
W, [2026-06-23T06:13:10.414124 #2073]  WARN -- : log file "/var/log/nginx/healthd/application.log.2026-06-23-06" does not exist
W, [2026-06-23T06:13:15.414388 #2073]  WARN -- : log file "/var/log/nginx/healthd/application.log.2026-06-23-06" does not exist
W, [2026-06-23T06:13:20.414681 #2073]  WARN -- : log file "/var/log/nginx/healthd/application.log.2026-06-23-06" does not exist
W, [2026-06-23T06:13:25.414959 #2073]  WARN -- : log file "/var/log/nginx/healthd/application.log.2026-06-23-06" does not exist
W, [2026-06-23T06:13:30.415235 #2073]  WARN -- : log file "/var/log/nginx/healthd/application.log.2026-06-23-06" does not exist
W, [2026-06-23T06:13:35.415503 #2073]  WARN -- : log file "/var/log/nginx/healthd/application.log.2026-06-23-06" does not exist
W, [2026-06-23T06:13:40.415777 #2073]  WARN -- : log file "/var/log/nginx/healthd/application.log.2026-06-23-06" does not exist
W, [2026-06-23T06:13:45.416050 #2073]  WARN -- : log file "/var/log/nginx/healthd/application.log.2026-06-23-06" does not exist
W, [2026-06-23T06:13:50.416328 #2073]  WARN -- : log file "/var/log/nginx/healthd/application.log.2026-06-23-06" does not exist
W, [2026-06-23T06:13:55.416573 #2073]  WARN -- : log file "/var/log/nginx/healthd/application.log.2026-06-23-06" does not exist
W, [2026-06-23T06:14:00.416826 #2073]  WARN -- : log file "/var/log/nginx/healthd/application.log.2026-06-23-06" does not exist
W, [2026-06-23T06:14:05.417092 #2073]  WARN -- : log file "/var/log/nginx/healthd/application.log.2026-06-23-06" does not exist
W, [2026-06-23T06:14:10.417345 #2073]  WARN -- : log file "/var/log/nginx/healthd/application.log.2026-06-23-06" does not exist
W, [2026-06-23T06:14:15.417607 #2073]  WARN -- : log file "/var/log/nginx/healthd/application.log.2026-06-23-06" does not exist
W, [2026-06-23T06:14:20.417973 #2073]  WARN -- : log file "/var/log/nginx/healthd/application.log.2026-06-23-06" does not exist
W, [2026-06-23T06:14:25.418236 #2073]  WARN -- : log file "/var/log/nginx/healthd/application.log.2026-06-23-06" does not exist
W, [2026-06-23T06:14:30.418481 #2073]  WARN -- : log file "/var/log/nginx/healthd/application.log.2026-06-23-06" does not exist
W, [2026-06-23T06:14:35.418751 #2073]  WARN -- : log file "/var/log/nginx/healthd/application.log.2026-06-23-06" does not exist
W, [2026-06-23T06:14:40.419008 #2073]  WARN -- : log file "/var/log/nginx/healthd/application.log.2026-06-23-06" does not exist
W, [2026-06-23T06:14:45.419300 #2073]  WARN -- : log file "/var/log/nginx/healthd/application.log.2026-06-23-06" does not exist
W, [2026-06-23T06:14:50.419559 #2073]  WARN -- : log file "/var/log/nginx/healthd/application.log.2026-06-23-06" does not exist
W, [2026-06-23T06:14:55.419824 #2073]  WARN -- : log file "/var/log/nginx/healthd/application.log.2026-06-23-06" does not exist
W, [2026-06-23T06:15:00.420102 #2073]  WARN -- : log file "/var/log/nginx/healthd/application.log.2026-06-23-06" does not exist
W, [2026-06-23T06:15:05.420361 #2073]  WARN -- : log file "/var/log/nginx/healthd/application.log.2026-06-23-06" does not exist
W, [2026-06-23T06:15:10.420639 #2073]  WARN -- : log file "/var/log/nginx/healthd/application.log.2026-06-23-06" does not exist
W, [2026-06-23T06:15:15.420914 #2073]  WARN -- : log file "/var/log/nginx/healthd/application.log.2026-06-23-06" does not exist
W, [2026-06-23T06:15:20.421185 #2073]  WARN -- : log file "/var/log/nginx/healthd/application.log.2026-06-23-06" does not exist
W, [2026-06-23T06:15:25.421440 #2073]  WARN -- : log file "/var/log/nginx/healthd/application.log.2026-06-23-06" does not exist
W, [2026-06-23T06:15:30.421691 #2073]  WARN -- : log file "/var/log/nginx/healthd/application.log.2026-06-23-06" does not exist
F, [2026-06-23T06:15:32.627187 #2073] FATAL -- : /opt/elasticbeanstalk/lib/ruby/lib/ruby/gems/3.4.0/gems/puma-8.0.2/lib/puma/launcher.rb:452:in 'block in Puma::Launcher#setup_signals': SIGTERM (SignalException)
	from /opt/elasticbeanstalk/lib/ruby/lib/ruby/gems/3.4.0/gems/puma-8.0.2/lib/puma/single.rb:66:in 'Thread#join'
	from /opt/elasticbeanstalk/lib/ruby/lib/ruby/gems/3.4.0/gems/puma-8.0.2/lib/puma/single.rb:66:in 'Puma::Single#run'
	from /opt/elasticbeanstalk/lib/ruby/lib/ruby/gems/3.4.0/gems/puma-8.0.2/lib/puma/launcher.rb:208:in 'Puma::Launcher#run'
	from /opt/elasticbeanstalk/lib/ruby/lib/ruby/gems/3.4.0/gems/puma-8.0.2/lib/puma/cli.rb:73:in 'Puma::CLI#run'
	from /opt/elasticbeanstalk/lib/ruby/lib/ruby/gems/3.4.0/gems/healthd-1.0.10/bin/healthd:112:in 'block in <top (required)>'
	from /opt/elasticbeanstalk/lib/ruby/lib/ruby/gems/3.4.0/gems/healthd-1.0.10/bin/healthd:19:in 'Dir.chdir'
	from /opt/elasticbeanstalk/lib/ruby/lib/ruby/gems/3.4.0/gems/healthd-1.0.10/bin/healthd:19:in '<top (required)>'
	from /opt/elasticbeanstalk/lib/ruby/bin/healthd:25:in 'Kernel#load'
	from /opt/elasticbeanstalk/lib/ruby/bin/healthd:25:in '<main>'
A, [2026-06-23T06:15:34.820417 #5203]   ANY -- : healthd daemon 1.0.10 initialized
W, [2026-06-23T06:15:34.886765 #5203]  WARN -- : log file "/var/log/nginx/healthd/application.log.2026-06-23-06" does not exist
W, [2026-06-23T06:15:39.887610 #5203]  WARN -- : log file "/var/log/nginx/healthd/application.log.2026-06-23-06" does not exist
W, [2026-06-23T06:15:44.887906 #5203]  WARN -- : log file "/var/log/nginx/healthd/application.log.2026-06-23-06" does not exist
W, [2026-06-23T06:15:49.888172 #5203]  WARN -- : log file "/var/log/nginx/healthd/application.log.2026-06-23-06" does not exist
W, [2026-06-23T06:15:54.888424 #5203]  WARN -- : log file "/var/log/nginx/healthd/application.log.2026-06-23-06" does not exist
W, [2026-06-23T06:15:59.888687 #5203]  WARN -- : log file "/var/log/nginx/healthd/application.log.2026-06-23-06" does not exist
W, [2026-06-23T06:16:04.888944 #5203]  WARN -- : log file "/var/log/nginx/healthd/application.log.2026-06-23-06" does not exist
W, [2026-06-23T06:16:09.889224 #5203]  WARN -- : log file "/var/log/nginx/healthd/application.log.2026-06-23-06" does not exist
W, [2026-06-23T06:16:14.889484 #5203]  WARN -- : log file "/var/log/nginx/healthd/application.log.2026-06-23-06" does not exist
W, [2026-06-23T06:16:19.889845 #5203]  WARN -- : log file "/var/log/nginx/healthd/application.log.2026-06-23-06" does not exist
W, [2026-06-23T06:16:24.890101 #5203]  WARN -- : log file "/var/log/nginx/healthd/application.log.2026-06-23-06" does not exist
W, [2026-06-23T06:16:29.890351 #5203]  WARN -- : log file "/var/log/nginx/healthd/application.log.2026-06-23-06" does not exist
W, [2026-06-23T06:16:34.890598 #5203]  WARN -- : log file "/var/log/nginx/healthd/application.log.2026-06-23-06" does not exist
W, [2026-06-23T06:16:39.890864 #5203]  WARN -- : log file "/var/log/nginx/healthd/application.log.2026-06-23-06" does not exist
W, [2026-06-23T06:16:44.891116 #5203]  WARN -- : log file "/var/log/nginx/healthd/application.log.2026-06-23-06" does not exist
W, [2026-06-23T06:16:49.891375 #5203]  WARN -- : log file "/var/log/nginx/healthd/application.log.2026-06-23-06" does not exist
W, [2026-06-23T06:16:54.891631 #5203]  WARN -- : log file "/var/log/nginx/healthd/application.log.2026-06-23-06" does not exist
W, [2026-06-23T06:16:59.891925 #5203]  WARN -- : log file "/var/log/nginx/healthd/application.log.2026-06-23-06" does not exist
W, [2026-06-23T06:17:04.892166 #5203]  WARN -- : log file "/var/log/nginx/healthd/application.log.2026-06-23-06" does not exist
W, [2026-06-23T06:17:09.892422 #5203]  WARN -- : log file "/var/log/nginx/healthd/application.log.2026-06-23-06" does not exist
W, [2026-06-23T06:17:14.892694 #5203]  WARN -- : log file "/var/log/nginx/healthd/application.log.2026-06-23-06" does not exist
W, [2026-06-23T06:17:19.892952 #5203]  WARN -- : log file "/var/log/nginx/healthd/application.log.2026-06-23-06" does not exist
W, [2026-06-23T06:17:24.893186 #5203]  WARN -- : log file "/var/log/nginx/healthd/application.log.2026-06-23-06" does not exist
W, [2026-06-23T06:17:29.893455 #5203]  WARN -- : log file "/var/log/nginx/healthd/application.log.2026-06-23-06" does not exist
W, [2026-06-23T06:17:34.893772 #5203]  WARN -- : log file "/var/log/nginx/healthd/application.log.2026-06-23-06" does not exist
W, [2026-06-23T06:17:39.894046 #5203]  WARN -- : log file "/var/log/nginx/healthd/application.log.2026-06-23-06" does not exist
